Apache Ant(TM) version 1.8.4 compiled on August 22 2012
Trying the default build file: build.xml
Buildfile: /Users/Thoughtworker/repositories/OOBootcamp/build.xml
Detected Java version: 1.6 in: /System/Library/Java/JavaVirtualMachines/1.6.0.jdk/Contents/Home
Detected OS: Mac OS X
parsing buildfile /Users/Thoughtworker/repositories/OOBootcamp/build.xml with URI = file:/Users/Thoughtworker/repositories/OOBootcamp/build.xml
Project base dir set to: /Users/Thoughtworker/repositories/OOBootcamp
parsing buildfile jar:file:/usr/share/ant/lib/ant.jar!/org/apache/tools/ant/antlib.xml with URI = jar:file:/usr/share/ant/lib/ant.jar!/org/apache/tools/ant/antlib.xml from a zip file
Build sequence for target(s) `compile' is [initDirs, compile]
Complete build sequence is [initDirs, compile, initProps, clean, test, ]

initDirs:
    [mkdir] Skipping /Users/Thoughtworker/repositories/OOBootcamp/build because it already exists.

compile:
    [javac] /Users/Thoughtworker/repositories/OOBootcamp/build.xml:43: warning: 'includeantruntime' was not set, defaulting to build.sysclasspath=last; set to false for repeatable builds
    [javac] bootcamp/collections/Collection.java added as bootcamp/collections/Collection.class doesn't exist.
    [javac] bootcamp/collections/InvalidCollectionsOperation.java added as bootcamp/collections/InvalidCollectionsOperation.class doesn't exist.
    [javac] bootcamp/shapes/GraphRectangle.java added as bootcamp/shapes/GraphRectangle.class doesn't exist.
    [javac] bootcamp/shapes/Rectangle.java added as bootcamp/shapes/Rectangle.class doesn't exist.
    [javac] bootcamp/shapes/RectangleMain.java added as bootcamp/shapes/RectangleMain.class doesn't exist.
    [javac] bootcamp/shapes/RectangleSet.java added as bootcamp/shapes/RectangleSet.class doesn't exist.
    [javac] bootcamp/shoppinglist/ShoppingItem.java added as bootcamp/shoppinglist/ShoppingItem.class doesn't exist.
    [javac] bootcamp/shoppinglist/ShoppingList.java added as bootcamp/shoppinglist/ShoppingList.class doesn't exist.
    [javac] bootcamp/shoppinglist/ShoppingListMain.java added as bootcamp/shoppinglist/ShoppingListMain.class doesn't exist.
    [javac] bootcamp/unittranslation/Measurement.java added as bootcamp/unittranslation/Measurement.class doesn't exist.
    [javac] bootcamp/unittranslation/MeasurementType.java added as bootcamp/unittranslation/MeasurementType.class doesn't exist.
    [javac] bootcamp/unittranslation/UnitTranslationMain.java added as bootcamp/unittranslation/UnitTranslationMain.class doesn't exist.
    [javac] bootcamp/collections/CollectionTest.java added as bootcamp/collections/CollectionTest.class doesn't exist.
    [javac] bootcamp/shapes/RectangleSetTest.java added as bootcamp/shapes/RectangleSetTest.class doesn't exist.
    [javac] bootcamp/shapes/RectangleTest.java added as bootcamp/shapes/RectangleTest.class doesn't exist.
    [javac] bootcamp/shoppinglist/ShoppingListTest.java added as bootcamp/shoppinglist/ShoppingListTest.class doesn't exist.
    [javac] bootcamp/unittranslation/MeasurementTest.java added as bootcamp/unittranslation/MeasurementTest.class doesn't exist.
    [javac] Compiling 17 source files to /Users/Thoughtworker/repositories/OOBootcamp/build
    [javac] Using modern compiler
dropping /Users/Thoughtworker/repositories/OOBootcamp/usr/share/java/junit-4.8.2/junit.jar from path as it doesn't exist
dropping /Users/Thoughtworker/repositories/OOBootcamp/Users/Thoughtworker/repositories/Processing-Ant-JUnit/build/hello from path as it doesn't exist
    [javac] Compilation arguments:
    [javac] '-nowarn'
    [javac] '-d'
    [javac] '/Users/Thoughtworker/repositories/OOBootcamp/build'
    [javac] '-classpath'
    [javac] '/Users/Thoughtworker/repositories/OOBootcamp/build:/Users/Thoughtworker/repositories/OOBootcamp/lib/hamcrest-all-1.3.jar:/Users/Thoughtworker/repositories/OOBootcamp/lib/junit-4.10.jar:/Users/Thoughtworker/repositories/OOBootcamp/lib/mockito-all-1.9.5.jar:/usr/share/ant/lib/ant-launcher.jar:/usr/share/ant/lib/ant-antlr.jar:/usr/share/ant/lib/ant-apache-bcel.jar:/usr/share/ant/lib/ant-apache-bsf.jar:/usr/share/ant/lib/ant-apache-log4j.jar:/usr/share/ant/lib/ant-apache-oro.jar:/usr/share/ant/lib/ant-apache-regexp.jar:/usr/share/ant/lib/ant-apache-resolver.jar:/usr/share/ant/lib/ant-apache-xalan2.jar:/usr/share/ant/lib/ant-commons-logging.jar:/usr/share/ant/lib/ant-commons-net.jar:/usr/share/ant/lib/ant-jai.jar:/usr/share/ant/lib/ant-javamail.jar:/usr/share/ant/lib/ant-jdepend.jar:/usr/share/ant/lib/ant-jmf.jar:/usr/share/ant/lib/ant-jsch.jar:/usr/share/ant/lib/ant-junit.jar:/usr/share/ant/lib/ant-junit4.jar:/usr/share/ant/lib/ant-netrexx.jar:/usr/share/ant/lib/ant-swing.jar:/usr/share/ant/lib/ant-testutil.jar:/usr/share/ant/lib/ant.jar'
    [javac] '-sourcepath'
    [javac] '/Users/Thoughtworker/repositories/OOBootcamp/Exercises/src:/Users/Thoughtworker/repositories/OOBootcamp/Exercises/test'
    [javac] '-g'
    [javac] 
    [javac] The ' characters around the executable and arguments are
    [javac] not part of the command.
    [javac] Files to be compiled:
    [javac]     /Users/Thoughtworker/repositories/OOBootcamp/Exercises/src/bootcamp/collections/Collection.java
    [javac]     /Users/Thoughtworker/repositories/OOBootcamp/Exercises/src/bootcamp/collections/InvalidCollectionsOperation.java
    [javac]     /Users/Thoughtworker/repositories/OOBootcamp/Exercises/src/bootcamp/shapes/GraphRectangle.java
    [javac]     /Users/Thoughtworker/repositories/OOBootcamp/Exercises/src/bootcamp/shapes/Rectangle.java
    [javac]     /Users/Thoughtworker/repositories/OOBootcamp/Exercises/src/bootcamp/shapes/RectangleMain.java
    [javac]     /Users/Thoughtworker/repositories/OOBootcamp/Exercises/src/bootcamp/shapes/RectangleSet.java
    [javac]     /Users/Thoughtworker/repositories/OOBootcamp/Exercises/src/bootcamp/shoppinglist/ShoppingItem.java
    [javac]     /Users/Thoughtworker/repositories/OOBootcamp/Exercises/src/bootcamp/shoppinglist/ShoppingList.java
    [javac]     /Users/Thoughtworker/repositories/OOBootcamp/Exercises/src/bootcamp/shoppinglist/ShoppingListMain.java
    [javac]     /Users/Thoughtworker/repositories/OOBootcamp/Exercises/src/bootcamp/unittranslation/Measurement.java
    [javac]     /Users/Thoughtworker/repositories/OOBootcamp/Exercises/src/bootcamp/unittranslation/MeasurementType.java
    [javac]     /Users/Thoughtworker/repositories/OOBootcamp/Exercises/src/bootcamp/unittranslation/UnitTranslationMain.java
    [javac]     /Users/Thoughtworker/repositories/OOBootcamp/Exercises/test/bootcamp/collections/CollectionTest.java
    [javac]     /Users/Thoughtworker/repositories/OOBootcamp/Exercises/test/bootcamp/shapes/RectangleSetTest.java
    [javac]     /Users/Thoughtworker/repositories/OOBootcamp/Exercises/test/bootcamp/shapes/RectangleTest.java
    [javac]     /Users/Thoughtworker/repositories/OOBootcamp/Exercises/test/bootcamp/shoppinglist/ShoppingListTest.java
    [javac]     /Users/Thoughtworker/repositories/OOBootcamp/Exercises/test/bootcamp/unittranslation/MeasurementTest.java

BUILD SUCCESSFUL
Total time: 0 seconds
